[debug] [2024-12-15T22:11:16.484Z] ----------------------------------------------------------------------
[debug] [2024-12-15T22:11:16.487Z] Command:       C:\Program Files\nodejs\node.exe C:\Users\joaoguilherme\AppData\Roaming\npm\node_modules\firebase-tools\lib\bin\firebase.js init
[debug] [2024-12-15T22:11:16.487Z] CLI Version:   13.29.1
[debug] [2024-12-15T22:11:16.488Z] Platform:      win32
[debug] [2024-12-15T22:11:16.488Z] Node Version:  v20.18.0
[debug] [2024-12-15T22:11:16.488Z] Time:          Sun Dec 15 2024 19:11:16 GMT-0300 (Horário Padrão de Brasília)
[debug] [2024-12-15T22:11:16.488Z] ----------------------------------------------------------------------
[debug] 
[debug] [2024-12-15T22:11:16.494Z] > command requires scopes: ["email","openid","https://www.googleapis.com/auth/cloudplatformprojects.readonly","https://www.googleapis.com/auth/firebase","https://www.googleapis.com/auth/cloud-platform"]
[debug] [2024-12-15T22:11:16.494Z] > authorizing via signed-in user (alcajoao1@gmail.com)
[info] 
     ######## #### ########  ######## ########     ###     ######  ########
     ##        ##  ##     ## ##       ##     ##  ##   ##  ##       ##
     ######    ##  ########  ######   ########  #########  ######  ######
     ##        ##  ##    ##  ##       ##     ## ##     ##       ## ##
     ##       #### ##     ## ######## ########  ##     ##  ######  ########

You're about to initialize a Firebase project in this directory:

  D:\projetos\site\myportfolio.github.io

[info] 
=== Project Setup
[info] 
[info] First, let's associate this project directory with a Firebase project.
[info] You can create multiple project aliases by running firebase use --add, 
[info] but for now we'll just set up a default project.
[info] 
[info] i  If you want to create a project in a Google Cloud organization or folder, please use "firebase projects:create" instead, and return to this command when you've created the project. 
[debug] [2024-12-15T22:21:08.873Z] Checked if tokens are valid: true, expires at: 1734304237353
[debug] [2024-12-15T22:21:08.874Z] Checked if tokens are valid: true, expires at: 1734304237353
[debug] [2024-12-15T22:21:08.875Z] >>> [apiv2][query] POST https://cloudresourcemanager.googleapis.com/v1/projects [none]
[debug] [2024-12-15T22:21:08.875Z] >>> [apiv2][body] POST https://cloudresourcemanager.googleapis.com/v1/projects {"projectId":"jg fotografia","name":"jg fotografia"}
[debug] [2024-12-15T22:21:09.881Z] <<< [apiv2][status] POST https://cloudresourcemanager.googleapis.com/v1/projects 400
[debug] [2024-12-15T22:21:09.881Z] <<< [apiv2][body] POST https://cloudresourcemanager.googleapis.com/v1/projects {"error":{"code":400,"message":"field [project_id] has issue [project_id contains invalid characters]","status":"INVALID_ARGUMENT","details":[{"@type":"type.googleapis.com/google.rpc.BadRequest","fieldViolations":[{"field":"project_id","description":"project_id contains invalid characters"}]},{"@type":"type.googleapis.com/google.rpc.Help","links":[{"url":"https://cloud.google.com/resource-manager/reference/rest/v1/projects"}]}]}}
[debug] [2024-12-15T22:21:10.057Z] FirebaseError: Request to https://cloudresourcemanager.googleapis.com/v1/projects had HTTP Error: 400, field [project_id] has issue [project_id contains invalid characters]
    at responseToError (C:\Users\joaoguilherme\AppData\Roaming\npm\node_modules\firebase-tools\lib\responseToError.js:52:12)
    at RetryOperation._fn (C:\Users\joaoguilherme\AppData\Roaming\npm\node_modules\firebase-tools\lib\apiv2.js:312:77)
    at process.processTicksAndRejections (node:internal/process/task_queues:95:5)
[error] 
[error] Error: Failed to create project. See firebase-debug.log for more info.
